<?xml version="1.0" encoding="UTF-8" ?>
<testsuite errors="0" failures="0" hostname="DESKTOP-5747QOD" name="model.AluguelCarroTest" skipped="0" tests="5" time="0.367" timestamp="2023-01-23T20:11:07">
  <properties>
[...]
</properties>
  <testcase classname="model.AluguelCarroTest" name="testTempo" time="0.004" />
  <testcase classname="model.AluguelCarroTest" name="testNumeroDeAluguel" time="0.258" />
  <testcase classname="model.AluguelCarroTest" name="testPrecoDaGasolina" time="0.0" />
  <testcase classname="model.AluguelCarroTest" name="testCalcularDistancia" time="0.0" />
  <testcase classname="model.AluguelCarroTest" name="testCustoAluguel" time="0.0" />
  <system-out><![CDATA[Tempo
numeroDeAluguel
precoDaGasolina
calcularDistancia
custoAluguel
PreçoAlugel: 12.0
PreçoAlugel: 120.0
PreçoAlugel: 60.0
PreçoAlugel: 15.0
PreçoAlugel: 150.0
PreçoAlugel: 75.0
]]></system-out>
  <system-err><![CDATA[]]></system-err>
</testsuite>
